<?xml version="1.0" encoding="UTF-8"?>
<testsuite name="US4" tests="1" skipped="0" failures="0" errors="0" timestamp="2023-11-10T15:45:42" hostname="fv-az629-556" time="0.017">
  <properties/>
  <testcase name="test()" classname="US4" time="0.017"/>
  <system-out><![CDATA[]]></system-out>
  <system-err><![CDATA[]]></system-err>
</testsuite>
